<?xml version="1.0" encoding="UTF-8"?>
<!-- Generated by org.testng.reporters.JUnitReportReporter -->
<testsuite skipped="0" hostname="DESKTOP-OUP8KBL" name="global.APP.starter.Runner2" tests="1" failures="0" timestamp="15 Apr 2019 13:18:05 GMT" time="15.684" errors="0">
  <testcase name="scenario" time="15.684" classname="global.APP.starter.Runner2"/>
</testsuite> <!-- global.APP.starter.Runner2 -->
